08:54:40 **** Build of configuration Debug for project covertChars ****
make all 
Cannot run program "make": Launching failed

Error: Program "make" not found in PATH
PATH=[C:\eclipse;C:/Program Files/Java/jre1.8.0_91/bin/server;C:/Program Files/Java/jre1.8.0_91/bin;C:/Program Files/Java/jre1.8.0_91/lib/amd64;C:\ProgramData\Oracle\Java\javapath;C:\WINDOWS\system32;C:\WINDOWS;C:\WINDOWS\System32\Wbem;C:\WINDOWS\System32\WindowsPowerShell\v1.0\;C:\Program Files (x86)\AOMEI Backupper 2.1;C:\Program Files\Git\cmd;C:\Program Files\Java\jdk1.8.0_77\bin;C:\WINDOWS\system32\config\systemprofile\.dnx\bin;C:\Program Files\Microsoft DNX\Dnvm\;C:\Program Files\Microsoft SQL Server\130\Tools\Binn\;C:\Users\JiaLei\AppData\Local\atom\bin;%USERPROFILE%\AppData\Local\Microsoft\WindowsApps]
09:03:31 **** Rebuild of configuration Debug for project CovertString ****
Info: Internal Builder is used for build
g++ -O0 -g3 -Wall -c -fmessage-length=0 -o "src\\CovertString.o" "..\\src\\CovertString.cpp" 
g++ -o CovertString.exe "src\\CovertString.o" 
c:/mingw/bin/../lib/gcc/mingw32/5.3.0/../../../../mingw32/bin/ld.exe: cannot find -lpthread
collect2.exe: error: ld returned 1 exit status
09:04:21 **** Incremental Build of configuration Debug for project CovertString ****
Info: Internal Builder is used for build
g++ -o CovertString.exe "src\\CovertString.o" 
c:/mingw/bin/../lib/gcc/mingw32/5.3.0/../../../../mingw32/bin/ld.exe: cannot find -lpthread
collect2.exe: error: ld returned 1 exit status
09:04:29 **** Incremental Build of configuration Debug for project CovertString ****
Info: Internal Builder is used for build
g++ -o CovertString.exe "src\\CovertString.o" 
c:/mingw/bin/../lib/gcc/mingw32/5.3.0/../../../../mingw32/bin/ld.exe: cannot find -lpthread
collect2.exe: error: ld returned 1 exit status
09:04:42 **** Incremental Build of configuration Debug for project CovertString ****
Info: Internal Builder is used for build
g++ -o CovertString.exe "src\\CovertString.o" 
c:/mingw/bin/../lib/gcc/mingw32/5.3.0/../../../../mingw32/bin/ld.exe: cannot find -lpthread
collect2.exe: error: ld returned 1 exit status
09:18:36 **** Incremental Build of configuration Debug for project CovertString ****
Info: Internal Builder is used for build
g++ -o CovertString.exe "src\\CovertString.o" 
Info: Nothing to build for CovertString
Info: Nothing to build for CovertString
Info: Nothing to build for CovertString
Info: Nothing to build for CovertString
Info: Nothing to build for CovertString
Info: Nothing to build for CovertString
09:43:02 **** Rebuild of configuration Debug for project CopyConstructure ****
Info: Internal Builder is used for build
g++ -O0 -g3 -Wall -c -fmessage-length=0 -o "src\\CopyConstructure.o" "..\\src\\CopyConstructure.cpp" 
..\src\CopyConstructure.cpp: In constructor 'Person::Person(char*)':
..\src\CopyConstructure.cpp:18:31: error: 'strlen' was not declared in this scope
    pName = new  char(strlen(pN)+1);
                               ^
..\src\CopyConstructure.cpp:21:20: error: 'strcpy' was not declared in this scope
     strcpy(pName,pN);
                    ^
..\src\CopyConstructure.cpp: In destructor 'Person::~Person()':
..\src\CopyConstructure.cpp:27:23: error: no match for 'operator<' (operand types are 'std::basic_ostream<char>' and 'char')
    cout<<"Destructing"<
                       ^
In file included from c:\mingw\lib\gcc\mingw32\5.3.0\include\c++\bits\stl_algobase.h:64:0,
                 from c:\mingw\lib\gcc\mingw32\5.3.0\include\c++\bits\char_traits.h:39,
                 from c:\mingw\lib\gcc\mingw32\5.3.0\include\c++\ios:40,
                 from c:\mingw\lib\gcc\mingw32\5.3.0\include\c++\ostream:38,
                 from c:\mingw\lib\gcc\mingw32\5.3.0\include\c++\iostream:39,
                 from ..\src\CopyConstructure.cpp:9:
c:\mingw\lib\gcc\mingw32\5.3.0\include\c++\bits\stl_pair.h:220:5: note: candidate: template<class _T1, class _T2> bool std::operator<(const std::pair<_T1, _T2>&, const std::pair<_T1, _T2>&)
     operator<(const pair<_T1, _T2>& __x, const pair<_T1, _T2>& __y)
     ^
c:\mingw\lib\gcc\mingw32\5.3.0\include\c++\bits\stl_pair.h:220:5: note:   template argument deduction/substitution failed:
..\src\CopyConstructure.cpp:28:11: note:   'std::basic_ostream<char>' is not derived from 'const std::pair<_T1, _T2>'
    pName[0]='\0';
           ^
In file included from c:\mingw\lib\gcc\mingw32\5.3.0\include\c++\bits\stl_algobase.h:67:0,
                 from c:\mingw\lib\gcc\mingw32\5.3.0\include\c++\bits\char_traits.h:39,
                 from c:\mingw\lib\gcc\mingw32\5.3.0\include\c++\ios:40,
                 from c:\mingw\lib\gcc\mingw32\5.3.0\include\c++\ostream:38,
                 from c:\mingw\lib\gcc\mingw32\5.3.0\include\c++\iostream:39,
                 from ..\src\CopyConstructure.cpp:9:
c:\mingw\lib\gcc\mingw32\5.3.0\include\c++\bits\stl_iterator.h:298:5: note: candidate: template<class _Iterator> bool std::operator<(const std::reverse_iterator<_Iterator>&, const std::reverse_iterator<_Iterator>&)
     operator<(const reverse_iterator<_Iterator>& __x,
     ^
c:\mingw\lib\gcc\mingw32\5.3.0\include\c++\bits\stl_iterator.h:298:5: note:   template argument deduction/substitution failed:
..\src\CopyConstructure.cpp:28:11: note:   'std::basic_ostream<char>' is not derived from 'const std::reverse_iterator<_Iterator>'
    pName[0]='\0';
           ^
In file included from c:\mingw\lib\gcc\mingw32\5.3.0\include\c++\bits\stl_algobase.h:67:0,
                 from c:\mingw\lib\gcc\mingw32\5.3.0\include\c++\bits\char_traits.h:39,
                 from c:\mingw\lib\gcc\mingw32\5.3.0\include\c++\ios:40,
                 from c:\mingw\lib\gcc\mingw32\5.3.0\include\c++\ostream:38,
                 from c:\mingw\lib\gcc\mingw32\5.3.0\include\c++\iostream:39,
                 from ..\src\CopyConstructure.cpp:9:
c:\mingw\lib\gcc\mingw32\5.3.0\include\c++\bits\stl_iterator.h:348:5: note: candidate: template<class _IteratorL, class _IteratorR> bool std::operator<(const std::reverse_iterator<_Iterator>&, const std::reverse_iterator<_IteratorR>&)
     operator<(const reverse_iterator<_IteratorL>& __x,
     ^
c:\mingw\lib\gcc\mingw32\5.3.0\include\c++\bits\stl_iterator.h:348:5: note:   template argument deduction/substitution failed:
..\src\CopyConstructure.cpp:28:11: note:   'std::basic_ostream<char>' is not derived from 'const std::reverse_iterator<_Iterator>'
    pName[0]='\0';
           ^
In file included from c:\mingw\lib\gcc\mingw32\5.3.0\include\c++\string:52:0,
                 from c:\mingw\lib\gcc\mingw32\5.3.0\include\c++\bits\locale_classes.h:40,
                 from c:\mingw\lib\gcc\mingw32\5.3.0\include\c++\bits\ios_base.h:41,
                 from c:\mingw\lib\gcc\mingw32\5.3.0\include\c++\ios:42,
                 from c:\mingw\lib\gcc\mingw32\5.3.0\include\c++\ostream:38,
                 from c:\mingw\lib\gcc\mingw32\5.3.0\include\c++\iostream:39,
                 from ..\src\CopyConstructure.cpp:9:
c:\mingw\lib\gcc\mingw32\5.3.0\include\c++\bits\basic_string.h:4989:5: note: candidate: template<class _CharT, class _Traits, class _Alloc> bool std::operator<(const std::__cxx11::basic_string<_CharT, _Traits, _Alloc>&, const std::__cxx11::basic_string<_CharT, _Traits, _Alloc>&)
     operator<(const basic_string<_CharT, _Traits, _Alloc>& __lhs,
     ^
c:\mingw\lib\gcc\mingw32\5.3.0\include\c++\bits\basic_string.h:4989:5: note:   template argument deduction/substitution failed:
..\src\CopyConstructure.cpp:28:11: note:   'std::basic_ostream<char>' is not derived from 'const std::__cxx11::basic_string<_CharT, _Traits, _Alloc>'
    pName[0]='\0';
           ^
In file included from c:\mingw\lib\gcc\mingw32\5.3.0\include\c++\string:52:0,
                 from c:\mingw\lib\gcc\mingw32\5.3.0\include\c++\bits\locale_classes.h:40,
                 from c:\mingw\lib\gcc\mingw32\5.3.0\include\c++\bits\ios_base.h:41,
                 from c:\mingw\lib\gcc\mingw32\5.3.0\include\c++\ios:42,
                 from c:\mingw\lib\gcc\mingw32\5.3.0\include\c++\ostream:38,
                 from c:\mingw\lib\gcc\mingw32\5.3.0\include\c++\iostream:39,
                 from ..\src\CopyConstructure.cpp:9:
c:\mingw\lib\gcc\mingw32\5.3.0\include\c++\bits\basic_string.h:5001:5: note: candidate: template<class _CharT, class _Traits, class _Alloc> bool std::operator<(const std::__cxx11::basic_string<_CharT, _Traits, _Alloc>&, const _CharT*)
     operator<(const basic_string<_CharT, _Traits, _Alloc>& __lhs,
     ^
c:\mingw\lib\gcc\mingw32\5.3.0\include\c++\bits\basic_string.h:5001:5: note:   template argument deduction/substitution failed:
..\src\CopyConstructure.cpp:28:11: note:   'std::basic_ostream<char>' is not derived from 'const std::__cxx11::basic_string<_CharT, _Traits, _Alloc>'
    pName[0]='\0';
           ^
In file included from c:\mingw\lib\gcc\mingw32\5.3.0\include\c++\string:52:0,
                 from c:\mingw\lib\gcc\mingw32\5.3.0\include\c++\bits\locale_classes.h:40,
                 from c:\mingw\lib\gcc\mingw32\5.3.0\include\c++\bits\ios_base.h:41,
                 from c:\mingw\lib\gcc\mingw32\5.3.0\include\c++\ios:42,
                 from c:\mingw\lib\gcc\mingw32\5.3.0\include\c++\ostream:38,
                 from c:\mingw\lib\gcc\mingw32\5.3.0\include\c++\iostream:39,
                 from ..\src\CopyConstructure.cpp:9:
c:\mingw\lib\gcc\mingw32\5.3.0\include\c++\bits\basic_string.h:5013:5: note: candidate: template<class _CharT, class _Traits, class _Alloc> bool std::operator<(const _CharT*, const std::__cxx11::basic_string<_CharT, _Traits, _Alloc>&)
     operator<(const _CharT* __lhs,
     ^
c:\mingw\lib\gcc\mingw32\5.3.0\include\c++\bits\basic_string.h:5013:5: note:   template argument deduction/substitution failed:
..\src\CopyConstructure.cpp:28:11: note:   mismatched types 'const _CharT*' and 'std::basic_ostream<char>'
    pName[0]='\0';
           ^
..\src\CopyConstructure.cpp: In function 'int main()':
..\src\CopyConstructure.cpp:40:22: warning: deprecated conversion from string constant to 'char*' [-Wwrite-strings]
   Person   p1("Randy");
                      ^
Info: Nothing to build for CovertString
09:44:19 **** Incremental Build of configuration Debug for project CopyConstructure ****
Info: Internal Builder is used for build
g++ -O0 -g3 -Wall -c -fmessage-length=0 -o "src\\CopyConstructure.o" "..\\src\\CopyConstructure.cpp" 
..\src\CopyConstructure.cpp: In constructor 'Person::Person(char*)':
..\src\CopyConstructure.cpp:18:31: error: 'strlen' was not declared in this scope
    pName = new  char(strlen(pN)+1);
                               ^
..\src\CopyConstructure.cpp:21:20: error: 'strcpy' was not declared in this scope
     strcpy(pName,pN);
                    ^
..\src\CopyConstructure.cpp: In function 'int main()':
..\src\CopyConstructure.cpp:40:22: warning: deprecated conversion from string constant to 'char*' [-Wwrite-strings]
   Person   p1("Randy");
                      ^
Info: Nothing to build for CovertString
09:46:01 **** Incremental Build of configuration Debug for project CopyConstructure ****
Info: Internal Builder is used for build
g++ -O0 -g3 -Wall -c -fmessage-length=0 -o "src\\CopyConstructure.o" "..\\src\\CopyConstructure.cpp" 
..\src\CopyConstructure.cpp: In constructor 'Person::Person(char*)':
..\src\CopyConstructure.cpp:20:10: error: lvalue required as left operand of assignment
    pName = new  char(strlen(pN)+1);
          ^
..\src\CopyConstructure.cpp: In function 'int main()':
..\src\CopyConstructure.cpp:42:22: warning: deprecated conversion from string constant to 'char*' [-Wwrite-strings]
   Person   p1("Randy");
                      ^
Info: Nothing to build for CovertString
09:48:40 **** Incremental Build of configuration Debug for project CopyConstructure ****
Info: Internal Builder is used for build
g++ -O0 -g3 -Wall -c -fmessage-length=0 -o "src\\CopyConstructure.o" "..\\src\\CopyConstructure.cpp" 
..\src\CopyConstructure.cpp: In constructor 'Person::Person(char*)':
..\src\CopyConstructure.cpp:20:10: error: lvalue required as left operand of assignment
    pName = new char(strlen(pN)+1);
          ^
..\src\CopyConstructure.cpp: In function 'int main()':
..\src\CopyConstructure.cpp:42:22: warning: deprecated conversion from string constant to 'char*' [-Wwrite-strings]
   Person   p1("Randy");
                      ^
Info: Nothing to build for CovertString
09:49:44 **** Incremental Build of configuration Debug for project CopyConstructure ****
Info: Internal Builder is used for build
g++ -O0 -g3 -Wall -c -fmessage-length=0 -o "src\\CopyConstructure.o" "..\\src\\CopyConstructure.cpp" 
..\src\CopyConstructure.cpp: In function 'int main()':
..\src\CopyConstructure.cpp:42:22: warning: deprecated conversion from string constant to 'char*' [-Wwrite-strings]
   Person   p1("Randy");
                      ^
g++ -o CopyConstructure.exe "src\\CopyConstructure.o" 
Info: Nothing to build for CovertString
Info: Nothing to build for CopyConstructure
09:53:08 **** Incremental Build of configuration Debug for project CopyConstructure ****
Info: Internal Builder is used for build
g++ -O0 -g3 -Wall -c -fmessage-length=0 -o "src\\CopyConstructure.o" "..\\src\\CopyConstructure.cpp" 
..\src\CopyConstructure.cpp: In function 'int main()':
..\src\CopyConstructure.cpp:52:22: warning: deprecated conversion from string constant to 'char*' [-Wwrite-strings]
   Person   p1("Randy");
                      ^
g++ -o CopyConstructure.exe "src\\CopyConstructure.o" 
10:00:08 **** Incremental Build of configuration Debug for project CovertString ****
Info: Internal Builder is used for build
g++ -O0 -g3 -Wall -c -fmessage-length=0 -o "src\\CovertString.o" "..\\src\\CovertString.cpp" 
..\src\CovertString.cpp: In function 'int main()':
..\src\CovertString.cpp:16:6: warning: unused variable 'num' [-Wunused-variable]
  int num = -12345 , i = 0, j = 0, flag = 0, begin, end;
      ^
..\src\CovertString.cpp:16:35: warning: unused variable 'flag' [-Wunused-variable]
  int num = -12345 , i = 0, j = 0, flag = 0, begin, end;
                                   ^
..\src\CovertString.cpp:16:45: warning: unused variable 'begin' [-Wunused-variable]
  int num = -12345 , i = 0, j = 0, flag = 0, begin, end;
                                             ^
..\src\CovertString.cpp:16:52: warning: unused variable 'end' [-Wunused-variable]
  int num = -12345 , i = 0, j = 0, flag = 0, begin, end;
                                                    ^
g++ -o CovertString.exe "src\\CovertString.o" 
Info: Nothing to build for CovertString
Info: Nothing to build for CovertString
Info: Nothing to build for CovertString
Info: Nothing to build for CovertString
Info: Nothing to build for CovertString
Info: Nothing to build for CovertString
10:00:51 **** Incremental Build of configuration Debug for project CovertString ****
Info: Internal Builder is used for build
g++ -O0 -g3 -Wall -c -fmessage-length=0 -o "src\\CovertString.o" "..\\src\\CovertString.cpp" 
..\src\CovertString.cpp: In function 'int main()':
..\src\CovertString.cpp:16:6: warning: unused variable 'num' [-Wunused-variable]
  int num = -12345 , i = 0, j = 0, flag = 0, begin, end;
      ^
..\src\CovertString.cpp:16:35: warning: unused variable 'flag' [-Wunused-variable]
  int num = -12345 , i = 0, j = 0, flag = 0, begin, end;
                                   ^
..\src\CovertString.cpp:16:45: warning: unused variable 'begin' [-Wunused-variable]
  int num = -12345 , i = 0, j = 0, flag = 0, begin, end;
                                             ^
..\src\CovertString.cpp:16:52: warning: unused variable 'end' [-Wunused-variable]
  int num = -12345 , i = 0, j = 0, flag = 0, begin, end;
                                                    ^
g++ -o CovertString.exe "src\\CovertString.o" 
c:/mingw/bin/../lib/gcc/mingw32/5.3.0/../../../../mingw32/bin/ld.exe: cannot open output file CovertString.exe: Permission denied
collect2.exe: error: ld returned 1 exit status
10:01:04 **** Incremental Build of configuration Debug for project CovertString ****
Info: Internal Builder is used for build
g++ -o CovertString.exe "src\\CovertString.o" 
c:/mingw/bin/../lib/gcc/mingw32/5.3.0/../../../../mingw32/bin/ld.exe: cannot open output file CovertString.exe: Permission denied
collect2.exe: error: ld returned 1 exit status
Info: Nothing to build for CopyConstructure
10:02:20 **** Incremental Build of configuration Debug for project CovertString ****
Info: Internal Builder is used for build
g++ -O0 -g3 -Wall -c -fmessage-length=0 -o "src\\CovertString.o" "..\\src\\CovertString.cpp" 
..\src\CovertString.cpp: In function 'int main()':
..\src\CovertString.cpp:16:6: warning: unused variable 'num' [-Wunused-variable]
  int num = -12345 , i = 0, j = 0, flag = 0, begin, end;
      ^
..\src\CovertString.cpp:16:35: warning: unused variable 'flag' [-Wunused-variable]
  int num = -12345 , i = 0, j = 0, flag = 0, begin, end;
                                   ^
..\src\CovertString.cpp:16:45: warning: unused variable 'begin' [-Wunused-variable]
  int num = -12345 , i = 0, j = 0, flag = 0, begin, end;
                                             ^
..\src\CovertString.cpp:16:52: warning: unused variable 'end' [-Wunused-variable]
  int num = -12345 , i = 0, j = 0, flag = 0, begin, end;
                                                    ^
g++ -o CovertString.exe "src\\CovertString.o" 
Info: Nothing to build for CovertString
10:02:50 **** Incremental Build of configuration Debug for project CovertString ****
Info: Internal Builder is used for build
g++ -O0 -g3 -Wall -c -fmessage-length=0 -o "src\\CovertString.o" "..\\src\\CovertString.cpp" 
..\src\CovertString.cpp: In function 'int main()':
..\src\CovertString.cpp:16:6: warning: unused variable 'num' [-Wunused-variable]
  int num = -12345 , i = 0, j = 0, flag = 0, begin, end;
      ^
..\src\CovertString.cpp:16:35: warning: unused variable 'flag' [-Wunused-variable]
  int num = -12345 , i = 0, j = 0, flag = 0, begin, end;
                                   ^
..\src\CovertString.cpp:16:45: warning: unused variable 'begin' [-Wunused-variable]
  int num = -12345 , i = 0, j = 0, flag = 0, begin, end;
                                             ^
..\src\CovertString.cpp:16:52: warning: unused variable 'end' [-Wunused-variable]
  int num = -12345 , i = 0, j = 0, flag = 0, begin, end;
                                                    ^
g++ -o CovertString.exe "src\\CovertString.o" 
c:/mingw/bin/../lib/gcc/mingw32/5.3.0/../../../../mingw32/bin/ld.exe: cannot open output file CovertString.exe: Permission denied
collect2.exe: error: ld returned 1 exit status
10:03:03 **** Incremental Build of configuration Debug for project CovertString ****
Info: Internal Builder is used for build
g++ -o CovertString.exe "src\\CovertString.o" 
Info: Nothing to build for CovertString
Info: Nothing to build for CovertString
Info: Nothing to build for CovertString
Info: Nothing to build for CovertString
Info: Nothing to build for CovertString
10:03:52 **** Incremental Build of configuration Debug for project CovertString ****
Info: Internal Builder is used for build
g++ -O0 -g3 -Wall -c -fmessage-length=0 -o "src\\CovertString.o" "..\\src\\CovertString.cpp" 
..\src\CovertString.cpp: In function 'int main()':
..\src\CovertString.cpp:16:6: warning: unused variable 'num' [-Wunused-variable]
  int num = -12345 , i = 0, j = 0, flag = 0, begin, end;
      ^
..\src\CovertString.cpp:16:35: warning: unused variable 'flag' [-Wunused-variable]
  int num = -12345 , i = 0, j = 0, flag = 0, begin, end;
                                   ^
..\src\CovertString.cpp:16:45: warning: unused variable 'begin' [-Wunused-variable]
  int num = -12345 , i = 0, j = 0, flag = 0, begin, end;
                                             ^
..\src\CovertString.cpp:16:52: warning: unused variable 'end' [-Wunused-variable]
  int num = -12345 , i = 0, j = 0, flag = 0, begin, end;
                                                    ^
g++ -o CovertString.exe "src\\CovertString.o" 
10:09:22 **** Incremental Build of configuration Debug for project CovertString ****
Info: Internal Builder is used for build
g++ -O0 -g3 -Wall -c -fmessage-length=0 -o "src\\CovertString.o" "..\\src\\CovertString.cpp" 
..\src\CovertString.cpp: In function 'int main()':
..\src\CovertString.cpp:35:16: warning: comparison with string literal results in unspecified behaviour [-Waddress]
   if(str[i] != " ")
                ^
..\src\CovertString.cpp:35:16: error: ISO C++ forbids comparison between pointer and integer [-fpermissive]
..\src\CovertString.cpp:38:30: warning: comparison with string literal results in unspecified behaviour [-Waddress]
    while(str[i] && str[i] != " ")
                              ^
..\src\CovertString.cpp:38:30: error: ISO C++ forbids comparison between pointer and integer [-fpermissive]
..\src\CovertString.cpp:16:6: warning: unused variable 'num' [-Wunused-variable]
  int num = -12345 , i = 0, j = 0, flag = 0, begin, end;
      ^
..\src\CovertString.cpp:16:35: warning: unused variable 'flag' [-Wunused-variable]
  int num = -12345 , i = 0, j = 0, flag = 0, begin, end;
                                   ^
Info: Nothing to build for CopyConstructure
10:10:07 **** Incremental Build of configuration Debug for project CovertString ****
Info: Internal Builder is used for build
g++ -O0 -g3 -Wall -c -fmessage-length=0 -o "src\\CovertString.o" "..\\src\\CovertString.cpp" 
..\src\CovertString.cpp: In function 'int main()':
..\src\CovertString.cpp:16:6: warning: unused variable 'num' [-Wunused-variable]
  int num = -12345 , i = 0, j = 0, flag = 0, begin, end;
      ^
..\src\CovertString.cpp:16:35: warning: unused variable 'flag' [-Wunused-variable]
  int num = -12345 , i = 0, j = 0, flag = 0, begin, end;
                                   ^
g++ -o CovertString.exe "src\\CovertString.o" 
Info: Nothing to build for CovertString
Info: Nothing to build for CovertString
08:54:15 **** Incremental Build of configuration Debug for project CopyConstructure ****
Info: Internal Builder is used for build
g++ -O0 -g3 -Wall -c -fmessage-length=0 -o "src\\CopyConstructure.o" "..\\src\\CopyConstructure.cpp" 
..\src\CopyConstructure.cpp: In function 'int main()':
..\src\CopyConstructure.cpp:52:20: warning: deprecated conversion from string constant to 'char*' [-Wwrite-strings]
   Person p1("Randy");
                    ^
g++ -o CopyConstructure.exe "src\\CopyConstructure.o" 
08:54:16 **** Incremental Build of configuration Debug for project CovertString ****
Info: Internal Builder is used for build
g++ -O0 -g3 -Wall -c -fmessage-length=0 -o "src\\CovertString.o" "..\\src\\CovertString.cpp" 
..\src\CovertString.cpp: In function 'int main()':
..\src\CovertString.cpp:16:6: warning: unused variable 'num' [-Wunused-variable]
  int num = -12345 , i = 0, j = 0, flag = 0, begin, end;
      ^
..\src\CovertString.cpp:16:35: warning: unused variable 'flag' [-Wunused-variable]
  int num = -12345 , i = 0, j = 0, flag = 0, begin, end;
                                   ^
g++ -o CovertString.exe "src\\CovertString.o" 
08:54:17 **** Rebuild of configuration Debug for project QuickSort ****
Info: Internal Builder is used for build
g++ -O0 -g3 -Wall -c -fmessage-length=0 -o "src\\QuickSort.o" "..\\src\\QuickSort.cpp" 
..\src\QuickSort.cpp: In function 'int main()':
..\src\QuickSort.cpp:14:24: error: expected primary-expression before ']' token
  int array[] = new int[]{45, 63, 23, 56, 67, 89, 90, 21, 11};
                        ^
..\src\QuickSort.cpp:14:25: warning: extended initializer lists only available with -std=c++11 or -std=gnu++11
  int array[] = new int[]{45, 63, 23, 56, 67, 89, 90, 21, 11};
                         ^
..\src\QuickSort.cpp:14:60: error: too many initializers for 'int [1]'
  int array[] = new int[]{45, 63, 23, 56, 67, 89, 90, 21, 11};
                                                            ^
..\src\QuickSort.cpp:14:60: error: initializer fails to determine size of 'array'
..\src\QuickSort.cpp:14:60: error: array must be initialized with a brace-enclosed initializer
..\src\QuickSort.cpp:23:28: error: 'QuickSort' was not declared in this scope
  QuickSort(array, 0, len -1);
                            ^
..\src\QuickSort.cpp: In function 'void QuickSort(int*, int, int)':
..\src\QuickSort.cpp:40:36: error: 'Partition' was not declared in this scope
   pivotpos = Partition(R, low, high);
                                    ^
Info: Nothing to build for CopyConstructure
Info: Nothing to build for CovertString
08:55:35 **** Incremental Build of configuration Debug for project QuickSort ****
Info: Internal Builder is used for build
g++ -O0 -g3 -Wall -c -fmessage-length=0 -o "src\\QuickSort.o" "..\\src\\QuickSort.cpp" 
..\src\QuickSort.cpp: In function 'int main()':
..\src\QuickSort.cpp:23:28: error: 'QuickSort' was not declared in this scope
  QuickSort(array, 0, len -1);
                            ^
..\src\QuickSort.cpp: At global scope:
..\src\QuickSort.cpp:35:1: error: expected unqualified-id before 'public'
 public void QuickSort(int R[], int low, int high)
 ^
Info: Nothing to build for CopyConstructure
Info: Nothing to build for CovertString
08:55:48 **** Incremental Build of configuration Debug for project QuickSort ****
Info: Internal Builder is used for build
g++ -O0 -g3 -Wall -c -fmessage-length=0 -o "src\\QuickSort.o" "..\\src\\QuickSort.cpp" 
..\src\QuickSort.cpp: In function 'int main()':
..\src\QuickSort.cpp:23:28: error: 'QuickSort' was not declared in this scope
  QuickSort(array, 0, len -1);
                            ^
..\src\QuickSort.cpp: In function 'void QuickSort(int*, int, int)':
..\src\QuickSort.cpp:40:36: error: 'Partition' was not declared in this scope
   pivotpos = Partition(R, low, high);
                                    ^
Info: Nothing to build for CopyConstructure
Info: Nothing to build for CovertString
08:57:44 **** Incremental Build of configuration Debug for project QuickSort ****
Info: Internal Builder is used for build
g++ -O0 -g3 -Wall -c -fmessage-length=0 -o "src\\QuickSort.o" "..\\src\\QuickSort.cpp" 
g++ -o QuickSort.exe "src\\QuickSort.o" 
Info: Nothing to build for QuickSort
Info: Nothing to build for QuickSort
